<?xml version="1.0" encoding="UTF-8"?>
<!-- Generated by org.testng.reporters.JUnitXMLReporter -->
<testsuite ignored="0" hostname="RANJITH-KUMAR" failures="0" tests="10" name="Default test" time="815.099" errors="0" timestamp="2023-09-26T15:11:49 IST">
  <testcase classname="files.login" name="Register" time="160.126"/>
  <testcase classname="files.login" name="CheckValidlogin" time="61.573"/>
  <testcase classname="files.login" name="checkInvalidlogin" time="70.945"/>
  <testcase classname="files.login" name="checkingSearchButton" time="57.219"/>
  <testcase classname="files.login" name="checkSelectCateogory" time="46.49"/>
  <testcase classname="files.login" name="checkMultiLogin" time="124.903"/>
  <testcase classname="files.login" name="checkViewPort" time="66.543"/>
  <testcase classname="files.login" name="checkProductDetails" time="61.419"/>
  <testcase classname="files.login" name="checkPlaceOrder" time="76.722"/>
  <testcase classname="files.login" name="removeOrder" time="88.133"/>
</testsuite> <!-- Default test -->
